

Started GET "/" for 127.0.0.1 at 2013-11-02 11:50:16 -0600
Processing by Rails::WelcomeController#index as HTML
  Rendered /Users/ceegarner/.rvm/gems/ruby-2.0.0-p247/gems/railties-4.0.1/lib/rails/templates/rails/welcome/index.html.erb (1.8ms)
Completed 200 OK in 100ms (Views: 43.9ms | ActiveRecord: 0.0ms)


Started GET "/auth/facebook" for 127.0.0.1 at 2013-11-02 12:56:51 -0600


Started GET "/auth/facebook" for 127.0.0.1 at 2013-11-02 12:56:53 -0600


Started GET "/auth/facebook" for 127.0.0.1 at 2013-11-02 13:08:19 -0600


Started GET "/auth/facebook" for 127.0.0.1 at 2013-11-02 13:08:40 -0600


Started GET "/auth/facebook/callback?code=AQAx5yCgeijjfvVND9_et1t163_EGv7ZgB-SRQ3BqeEmI35e_raRb33C4SrYuWe869_R-oRZjUbEBjqW7zsPtx6HasdB36tttQmD2KT_ToMwPrhwMwg1hoslLQ7DnhDovKXEP7ZHCs8Ck_0qyyfKru2Qa5mT64CfiNMW5aha8c2T8Uvwka0s7XNKno_YXwh-TZfunDotLNcE98n6nDsQI1wUHX32JUPnDt6L1RcaDkE9esKUTQa1fZi8n_jh4fYmLXLd_HocP8rnxTFg-I9jGUYtka1L5NhLQN9mGNLOQHqjBv1J0vSmgVvH8215sf3LuDI&state=ad1a712fad646381f120bba90eaee85cb4e16a11d2079147" for 127.0.0.1 at 2013-11-02 13:09:11 -0600

ActionController::RoutingError (No route matches [GET] "/auth/facebook/callback"):
  actionpack (4.0.1) lib/action_dispatch/middleware/debug_exceptions.rb:21:in `call'
  actionpack (4.0.1) lib/action_dispatch/middleware/show_exceptions.rb:30:in `call'
  railties (4.0.1) lib/rails/rack/logger.rb:38:in `call_app'
  railties (4.0.1) lib/rails/rack/logger.rb:20:in `block in call'
  activesupport (4.0.1) lib/active_support/tagged_logging.rb:67:in `block in tagged'
  activesupport (4.0.1) lib/active_support/tagged_logging.rb:25:in `tagged'
  activesupport (4.0.1) lib/active_support/tagged_logging.rb:67:in `tagged'
  railties (4.0.1) lib/rails/rack/logger.rb:20:in `call'
  actionpack (4.0.1) lib/action_dispatch/middleware/request_id.rb:21:in `call'
  rack (1.5.2) lib/rack/methodoverride.rb:21:in `call'
  rack (1.5.2) lib/rack/runtime.rb:17:in `call'
  activesupport (4.0.1) lib/active_support/cache/strategy/local_cache.rb:83:in `call'
  rack (1.5.2) lib/rack/lock.rb:17:in `call'
  actionpack (4.0.1) lib/action_dispatch/middleware/static.rb:64:in `call'
  rack (1.5.2) lib/rack/sendfile.rb:112:in `call'
  railties (4.0.1) lib/rails/engine.rb:511:in `call'
  railties (4.0.1) lib/rails/application.rb:97:in `call'
  rack (1.5.2) lib/rack/lock.rb:17:in `call'
  rack (1.5.2) lib/rack/content_length.rb:14:in `call'
  rack (1.5.2) lib/rack/handler/webrick.rb:60:in `service'
  /System/Library/Frameworks/Ruby.framework/Versions/2.0/usr/lib/ruby/2.0.0/webrick/httpserver.rb:138:in `service'
  /System/Library/Frameworks/Ruby.framework/Versions/2.0/usr/lib/ruby/2.0.0/webrick/httpserver.rb:94:in `run'
  /System/Library/Frameworks/Ruby.framework/Versions/2.0/usr/lib/ruby/2.0.0/webrick/server.rb:295:in `block in start_thread'


  Rendered /Users/ceegarner/.rvm/gems/ruby-2.0.0-p247/gems/actionpack-4.0.1/lib/action_dispatch/middleware/templates/rescues/_trace.erb (1.5ms)
  Rendered /Users/ceegarner/.rvm/gems/ruby-2.0.0-p247/gems/actionpack-4.0.1/lib/action_dispatch/middleware/templates/routes/_table.html.erb (58.1ms)
  Rendered /Users/ceegarner/.rvm/gems/ruby-2.0.0-p247/gems/actionpack-4.0.1/lib/action_dispatch/middleware/templates/rescues/routing_error.erb within rescues/layout (245.3ms)
